<?xml version="1.0" encoding="UTF-8"?>
<!-- Generated by org.testng.reporters.JUnitXMLReporter -->
<testsuite ignored="0" hostname="Gopi" failures="2" tests="7" name="mytest" time="41.382" errors="0" timestamp="2025-12-23T09:58:21 IST">
  <testcase classname="testCases.TC_001_AccountRegistrationTest" name="test_accountRegistration" time="2.592"/>
  <testcase classname="testCases.TC_002_LoginTest" name="test_Login" time="1.551"/>
  <testcase classname="testCases.TC_003_LoginDataDrivenTest" name="test_Login" time="2.428"/>
  <testcase classname="testCases.TC_003_LoginDataDrivenTest" name="test_Login" time="10.123">
    <failure type="java.lang.AssertionError" message="null">
      <![CDATA[java.lang.AssertionError: null
at testCases.TC_003_LoginDataDrivenTest.test_Login(TC_003_LoginDataDrivenTest.java:65)
at java.base/java.util.ArrayList.forEach(ArrayList.java:1596)
... Removed 27 stack frames]]>
    </failure>
  </testcase> <!-- test_Login -->
  <testcase classname="testCases.TC_003_LoginDataDrivenTest" name="test_Login" time="2.151">
    <failure type="java.lang.AssertionError" message="expected [true] but found [false]">
      <![CDATA[java.lang.AssertionError: expected [true] but found [false]
at testCases.TC_003_LoginDataDrivenTest.test_Login(TC_003_LoginDataDrivenTest.java:54)
at java.base/java.util.ArrayList.forEach(ArrayList.java:1596)
... Removed 29 stack frames]]>
    </failure>
  </testcase> <!-- test_Login -->
  <testcase classname="testCases.TC_003_LoginDataDrivenTest" name="test_Login" time="10.633"/>
  <testcase classname="testCases.TC_003_LoginDataDrivenTest" name="test_Login" time="2.28"/>
</testsuite> <!-- mytest -->
